Using pre-set license
Built from '2020.2/release' branch; Version is '2020.2.2f1 (068178b99f32) revision 426360'; Using compiler version '192528614'; Build Type 'Release'
OS: 'Windows 10 Home; OS build 19041.928; Version 2004; 64bit' Language: 'en' Physical Memory: 16111 MB
BatchMode: 1, IsHumanControllingUs: 0, StartBugReporterOnCrash: 0, Is64bit: 1, IsPro: 0

 COMMAND LINE ARGUMENTS:
C:\Program Files\Unity\Hub\Editor\2020.2.2f1\Editor\Unity.exe
-adb2
-batchMode
-noUpm
-name
AssetImportWorker0
-projectPath
C:/Users/samle/OneDrive/Documents/GitHub/TopDownShooter/TopDownShooter
-logFile
Logs/AssetImportWorker0.log
-srvPort
62691
Successfully changed project path to: C:/Users/samle/OneDrive/Documents/GitHub/TopDownShooter/TopDownShooter
C:/Users/samle/OneDrive/Documents/GitHub/TopDownShooter/TopDownShooter
Using Asset Import Pipeline V2.
Refreshing native plugins compatible for Editor in 45.39 ms, found 0 plugins.
Preloading 0 native plugins for Editor in 0.00 ms.
Initialize engine version: 2020.2.2f1 (068178b99f32)
[Subsystems] Discovering subsystems at path C:/Program Files/Unity/Hub/Editor/2020.2.2f1/Editor/Data/Resources/UnitySubsystems
[Subsystems] Discovering subsystems at path C:/Users/samle/OneDrive/Documents/GitHub/TopDownShooter/TopDownShooter/Assets
GfxDevice: creating device client; threaded=0
Direct3D:
    Version:  Direct3D 11.0 [level 11.1]
    Renderer: NVIDIA GeForce GTX 1650 (ID=0x1f91)
    Vendor:   
    VRAM:     3964 MB
    Driver:   27.21.14.6109
Initialize mono
Mono path[0] = 'C:/Program Files/Unity/Hub/Editor/2020.2.2f1/Editor/Data/Managed'
Mono path[1] = 'C:/Program Files/Unity/Hub/Editor/2020.2.2f1/Editor/Data/MonoBleedingEdge/lib/mono/unityjit'
Mono config path = 'C:/Program Files/Unity/Hub/Editor/2020.2.2f1/Editor/Data/MonoBleedingEdge/etc'
Using monoOptions --debugger-agent=transport=dt_socket,embedding=1,server=y,suspend=n,address=127.0.0.1:56372
Begin MonoManager ReloadAssembly
Registering precompiled unity dll's ...
Register platform support module: C:/Program Files/Unity/Hub/Editor/2020.2.2f1/Editor/Data/PlaybackEngines/WindowsStandaloneSupport/UnityEditor.WindowsStandalone.Extensions.dll
Registered in 0.001667 seconds.
Native extension for WindowsStandalone target not found
Refreshing native plugins compatible for Editor in 44.17 ms, found 0 plugins.
Preloading 0 native plugins for Editor in 0.00 ms.
Invoked RoslynAnalysisRunner static constructor.
RoslynAnalysisRunner will not be running.
RoslynAnalysisRunner has terminated.
Mono: successfully reloaded assembly
- Completed reload, in  0.896 seconds
Platform modules already initialized, skipping
Registering precompiled user dll's ...
Registered in 0.000759 seconds.
Begin MonoManager ReloadAssembly
Native extension for WindowsStandalone target not found
Refreshing native plugins compatible for Editor in 0.40 ms, found 0 plugins.
Preloading 0 native plugins for Editor in 0.00 ms.
Invoked RoslynAnalysisRunner static constructor.
RoslynAnalysisRunner will not be running.
RoslynAnalysisRunner has terminated.
Mono: successfully reloaded assembly
- Completed reload, in  0.855 seconds
Platform modules already initialized, skipping
========================================================================
Worker process is ready to serve import requests
Launched and connected shader compiler UnityShaderCompiler.exe after 0.04 seconds
Refreshing native plugins compatible for Editor in 0.41 ms, found 0 plugins.
Preloading 0 native plugins for Editor in 0.00 ms.
Unloading 1799 Unused Serialized files (Serialized files now loaded: 0)
System memory in use before: 94.5 MB.
System memory in use after: 94.6 MB.

Unloading 10 unused Assets to reduce memory usage. Loaded Objects now: 2255.
Total: 1.964300 ms (FindLiveObjects: 0.155900 ms CreateObjectMapping: 0.058100 ms MarkObjects: 1.685500 ms  DeleteObjects: 0.064000 ms)

========================================================================
Received Import Request.
  path: Assets/PreFabs/Guns/MachinePistol.prefab
  artifactKey: Guid(ed4a7148b68d52240adfdf0634862e33) Importer(815301076,1909f56bfc062723c751e8b465ee728b)
Start importing Assets/PreFabs/Guns/MachinePistol.prefab using Guid(ed4a7148b68d52240adfdf0634862e33) Importer(815301076,1909f56bfc062723c751e8b465ee728b)  -> (artifact id: '50e3167cc3f1edbabe8bdc74bf5054f6') in 0.183686 seconds
  Import took 0.187837 seconds .

========================================================================
Received Import Request.
  Time since last request: 0.644218 seconds.
  path: Assets/PreFabs/Guns/Pistol.prefab
  artifactKey: Guid(89f874f4d9f4a1643b0fb5d264f65c56) Importer(815301076,1909f56bfc062723c751e8b465ee728b)
Start importing Assets/PreFabs/Guns/Pistol.prefab using Guid(89f874f4d9f4a1643b0fb5d264f65c56) Importer(815301076,1909f56bfc062723c751e8b465ee728b)  -> (artifact id: 'ccb1e87afa216361acfa861f77d5d815') in 0.056009 seconds
  Import took 0.061347 seconds .

========================================================================
Received Prepare
Registering precompiled user dll's ...
Registered in 0.000719 seconds.
Begin MonoManager ReloadAssembly
Native extension for WindowsStandalone target not found
Refreshing native plugins compatible for Editor in 0.42 ms, found 0 plugins.
Preloading 0 native plugins for Editor in 0.00 ms.
Invoked RoslynAnalysisRunner static constructor.
RoslynAnalysisRunner will not be running.
RoslynAnalysisRunner has terminated.
Mono: successfully reloaded assembly
- Completed reload, in  0.848 seconds
Platform modules already initialized, skipping
Refreshing native plugins compatible for Editor in 0.43 ms, found 0 plugins.
Preloading 0 native plugins for Editor in 0.00 ms.
Unloading 1748 Unused Serialized files (Serialized files now loaded: 0)
System memory in use before: 95.1 MB.
System memory in use after: 95.2 MB.

Unloading 5 unused Assets to reduce memory usage. Loaded Objects now: 2266.
Total: 5.881800 ms (FindLiveObjects: 0.409100 ms CreateObjectMapping: 0.215700 ms MarkObjects: 5.218200 ms  DeleteObjects: 0.036100 ms)

========================================================================
Received Import Request.
  Time since last request: 60.998051 seconds.
  path: Assets/PreFabs/Guns/PlayerGuns
  artifactKey: Guid(f29e3104f5404b141a7d4d9dbb563a6a) Importer(815301076,1909f56bfc062723c751e8b465ee728b)
Start importing Assets/PreFabs/Guns/PlayerGuns using Guid(f29e3104f5404b141a7d4d9dbb563a6a) Importer(815301076,1909f56bfc062723c751e8b465ee728b)  -> (artifact id: 'bacb1f65f3706536846a06ed5f100ad2') in 0.010909 seconds
  Import took 0.014746 seconds .

========================================================================
Received Import Request.
  Time since last request: 12.759779 seconds.
  path: Assets/PreFabs/Guns/EnemyPistol.prefab
  artifactKey: Guid(acaea59aed8d83142b2ac2aeff985b84) Importer(815301076,1909f56bfc062723c751e8b465ee728b)
Start importing Assets/PreFabs/Guns/EnemyPistol.prefab using Guid(acaea59aed8d83142b2ac2aeff985b84) Importer(815301076,1909f56bfc062723c751e8b465ee728b)  -> (artifact id: '46cdfac7b07c3febd7410790af2d8ff7') in 0.132525 seconds
  Import took 0.136717 seconds .

========================================================================
Received Import Request.
  Time since last request: 15.311852 seconds.
  path: Assets/Toon Muzzleflash Pack/Components/Material/Sprites Material.mat
  artifactKey: Guid(69ed690a112ab9f4e8a4cdcdff2c570e) Importer(815301076,1909f56bfc062723c751e8b465ee728b)
Start importing Assets/Toon Muzzleflash Pack/Components/Material/Sprites Material.mat using Guid(69ed690a112ab9f4e8a4cdcdff2c570e) Importer(815301076,1909f56bfc062723c751e8b465ee728b)  -> (artifact id: '6234e47520d14e0e8f82850b88f4e70e') in 0.023392 seconds
  Import took 0.026037 seconds .

========================================================================
Received Import Request.
  Time since last request: 0.023658 seconds.
  path: Assets/PolygonSciFiCity/Models/SM_Wep_Pistol_01.fbx
  artifactKey: Guid(b95723a86e64ccc41b2c65d6ebf7b76f) Importer(815301076,1909f56bfc062723c751e8b465ee728b)
Start importing Assets/PolygonSciFiCity/Models/SM_Wep_Pistol_01.fbx using Guid(b95723a86e64ccc41b2c65d6ebf7b76f) Importer(815301076,1909f56bfc062723c751e8b465ee728b)  -> (artifact id: '6ac82c909142216f84388f04c9053d8b') in 0.079831 seconds
  Import took 0.082518 seconds .

========================================================================
Received Prepare
Registering precompiled user dll's ...
Registered in 0.001208 seconds.
Begin MonoManager ReloadAssembly
Native extension for WindowsStandalone target not found
Refreshing native plugins compatible for Editor in 0.43 ms, found 0 plugins.
Preloading 0 native plugins for Editor in 0.00 ms.
Invoked RoslynAnalysisRunner static constructor.
RoslynAnalysisRunner will not be running.
RoslynAnalysisRunner has terminated.
Mono: successfully reloaded assembly
- Completed reload, in  0.912 seconds
Platform modules already initialized, skipping
Refreshing native plugins compatible for Editor in 0.47 ms, found 0 plugins.
Preloading 0 native plugins for Editor in 0.00 ms.
Unloading 1748 Unused Serialized files (Serialized files now loaded: 0)
System memory in use before: 95.5 MB.
System memory in use after: 95.7 MB.

Unloading 6 unused Assets to reduce memory usage. Loaded Objects now: 2306.
Total: 2.725100 ms (FindLiveObjects: 0.164900 ms CreateObjectMapping: 0.082800 ms MarkObjects: 2.458000 ms  DeleteObjects: 0.018300 ms)

AssetImportWorkerClient::OnTransportError - code=2 error=End of file
